<?xml version="1.0" encoding="UTF-8" ?>
<testsuite failures="0" time="1.903" errors="0" skipped="0" tests="1" name="TestSuite">
  <properties>
    <property name="java.runtime.name" value="Java(TM) SE Runtime Environment"/>
    <property name="sun.boot.library.path" value="C:\Program Files (x86)\Java\jdk1.7.0_09\jre\bin"/>
    <property name="java.vm.version" value="23.5-b02"/>
    <property name="java.vm.vendor" value="Oracle Corporation"/>
    <property name="java.vendor.url" value="http://java.oracle.com/"/>
    <property name="path.separator" value=";"/>
    <property name="java.vm.name" value="Java HotSpot(TM) 64-Bit Server VM"/>
    <property name="file.encoding.pkg" value="sun.io"/>
    <property name="user.script" value=""/>
    <property name="user.country" value="US"/>
    <property name="sun.java.launcher" value="SUN_STANDARD"/>
    <property name="sun.os.patch.level" value="Service Pack 1"/>
    <property name="java.vm.specification.name" value="Java Virtual Machine Specification"/>
    <property name="user.dir" value="C:\nagaraj\workspace\java\SampleTestNG"/>
    <property name="java.runtime.version" value="1.7.0_09-b05"/>
    <property name="java.awt.graphicsenv" value="sun.awt.Win32GraphicsEnvironment"/>
    <property name="basedir" value="C:\nagaraj\workspace\java\SampleTestNG"/>
    <property name="java.endorsed.dirs" value="C:\Program Files (x86)\Java\jdk1.7.0_09\jre\lib\endorsed"/>
    <property name="os.arch" value="amd64"/>
    <property name="surefire.real.class.path" value="C:\Users\sarodays\AppData\Local\Temp\surefirebooter2899538882618493592.jar"/>
    <property name="java.io.tmpdir" value="C:\Users\sarodays\AppData\Local\Temp\"/>
    <property name="line.separator" value="
"/>
    <property name="java.vm.specification.vendor" value="Oracle Corporation"/>
    <property name="user.variant" value=""/>
    <property name="os.name" value="Windows 7"/>
    <property name="sun.jnu.encoding" value="Cp1252"/>
    <property name="java.library.path" value="C:\Program Files (x86)\Java\jdk1.7.0_09\jre\bin;C:\Windows\Sun\Java\bin;C:\Windows\system32;C:\Windows;C:\Program Files\RA2HP\;C:\Windows\system32;C:\Windows;C:\Windows\System32\Wbem;C:\Windows\System32\WindowsPowerShell\v1.0\;C:\Program Files\ActivIdentity\ActivClient\;C:\Program Files (x86)\ActivIdentity\ActivClient\;C:\Program Files\WIDCOMM\Bluetooth Software\;C:\Program Files\WIDCOMM\Bluetooth Software\syswow64;c:\Program Files (x86)\Microsoft SQL Server\100\Tools\Binn\;c:\Program Files\Microsoft SQL Server\100\Tools\Binn\;c:\Program Files\Microsoft SQL Server\100\DTS\Binn\;C:\Program Files (x86)\TortoiseSVN\bin;C:\Program Files (x86)\Java\jdk1.7.0_09\bin;C:\apache-maven-2.2.1\bin;C:\Program Files (x86)\Mozilla Firefox;C:\Program Files (x86)\Google\Chrome\Application;."/>
    <property name="surefire.test.class.path" value="C:\nagaraj\workspace\java\SampleTestNG\target\test-classes;C:\nagaraj\workspace\java\SampleTestNG\target\classes;C:\Users\sarodays\.m2\repository\junit\junit\3.8.1\junit-3.8.1.jar;C:\Users\sarodays\.m2\repository\org\testng\testng\6.3.1\testng-6.3.1.jar;C:\Users\sarodays\.m2\repository\org\beanshell\bsh\2.0b4\bsh-2.0b4.jar;C:\Users\sarodays\.m2\repository\com\beust\jcommander\1.12\jcommander-1.12.jar;C:\Users\sarodays\.m2\repository\org\yaml\snakeyaml\1.6\snakeyaml-1.6.jar;"/>
    <property name="java.specification.name" value="Java Platform API Specification"/>
    <property name="java.class.version" value="51.0"/>
    <property name="sun.management.compiler" value="HotSpot 64-Bit Tiered Compilers"/>
    <property name="os.version" value="6.1"/>
    <property name="user.home" value="C:\Users\sarodays"/>
    <property name="user.timezone" value="Asia/Calcutta"/>
    <property name="java.awt.printerjob" value="sun.awt.windows.WPrinterJob"/>
    <property name="java.specification.version" value="1.7"/>
    <property name="file.encoding" value="Cp1252"/>
    <property name="user.name" value="sarodays"/>
    <property name="java.class.path" value="C:\nagaraj\workspace\java\SampleTestNG\target\test-classes;C:\nagaraj\workspace\java\SampleTestNG\target\classes;C:\Users\sarodays\.m2\repository\junit\junit\3.8.1\junit-3.8.1.jar;C:\Users\sarodays\.m2\repository\org\testng\testng\6.3.1\testng-6.3.1.jar;C:\Users\sarodays\.m2\repository\org\beanshell\bsh\2.0b4\bsh-2.0b4.jar;C:\Users\sarodays\.m2\repository\com\beust\jcommander\1.12\jcommander-1.12.jar;C:\Users\sarodays\.m2\repository\org\yaml\snakeyaml\1.6\snakeyaml-1.6.jar;"/>
    <property name="java.vm.specification.version" value="1.7"/>
    <property name="sun.arch.data.model" value="64"/>
    <property name="java.home" value="C:\Program Files (x86)\Java\jdk1.7.0_09\jre"/>
    <property name="sun.java.command" value="C:\Users\sarodays\AppData\Local\Temp\surefirebooter2899538882618493592.jar C:\Users\sarodays\AppData\Local\Temp\surefire4890105088196067113tmp C:\Users\sarodays\AppData\Local\Temp\surefire6998375468821502882tmp"/>
    <property name="java.specification.vendor" value="Oracle Corporation"/>
    <property name="user.language" value="en"/>
    <property name="awt.toolkit" value="sun.awt.windows.WToolkit"/>
    <property name="java.vm.info" value="mixed mode"/>
    <property name="java.version" value="1.7.0_09"/>
    <property name="java.ext.dirs" value="C:\Program Files (x86)\Java\jdk1.7.0_09\jre\lib\ext;C:\Windows\Sun\Java\lib\ext"/>
    <property name="sun.boot.class.path" value="C:\Program Files (x86)\Java\jdk1.7.0_09\jre\lib\resources.jar;C:\Program Files (x86)\Java\jdk1.7.0_09\jre\lib\rt.jar;C:\Program Files (x86)\Java\jdk1.7.0_09\jre\lib\sunrsasign.jar;C:\Program Files (x86)\Java\jdk1.7.0_09\jre\lib\jsse.jar;C:\Program Files (x86)\Java\jdk1.7.0_09\jre\lib\jce.jar;C:\Program Files (x86)\Java\jdk1.7.0_09\jre\lib\charsets.jar;C:\Program Files (x86)\Java\jdk1.7.0_09\jre\lib\jfr.jar;C:\Program Files (x86)\Java\jdk1.7.0_09\jre\classes"/>
    <property name="java.vendor" value="Oracle Corporation"/>
    <property name="localRepository" value="C:\Users\sarodays\.m2\repository"/>
    <property name="file.separator" value="\"/>
    <property name="java.vendor.url.bug" value="http://bugreport.sun.com/bugreport/"/>
    <property name="sun.cpu.endian" value="little"/>
    <property name="sun.io.unicode.encoding" value="UnicodeLittle"/>
    <property name="sun.desktop" value="windows"/>
    <property name="sun.cpu.isalist" value="amd64"/>
  </properties>
  <testcase time="0" classname="com.hp.cloudprint.AppTest" name="testApp on instance testApp"/>
</testsuite>