<?xml version="1.0" encoding="UTF-8"?>
<!-- Generated by org.testng.reporters.JUnitReportReporter -->
<testsuite hostname="SARODAYS1" name="foo.AppTest" tests="1" failures="0" timestamp="31 Jan 2014 12:35:37 GMT" time="0.004" errors="0">
  <testcase name="testApp" time="0.004" classname="foo.AppTest"/>
</testsuite>
