<?xml version="1.0" encoding="UTF-8" ?>
<testsuite failures="0" time="1.42" errors="0" skipped="0" tests="1" name="TestSuite">
  <properties>
    <property name="java.runtime.name" value="Java(TM) SE Runtime Environment"/>
    <property name="sun.boot.library.path" value="C:\Program Files (x86)\Java\jdk1.6.0_06\jre\bin"/>
    <property name="java.vm.version" value="10.0-b22"/>
    <property name="java.vm.vendor" value="Sun Microsystems Inc."/>
    <property name="java.vendor.url" value="http://java.sun.com/"/>
    <property name="path.separator" value=";"/>
    <property name="java.vm.name" value="Java HotSpot(TM) Client VM"/>
    <property name="file.encoding.pkg" value="sun.io"/>
    <property name="user.country" value="US"/>
    <property name="sun.java.launcher" value="SUN_STANDARD"/>
    <property name="sun.os.patch.level" value="Service Pack 1"/>
    <property name="java.vm.specification.name" value="Java Virtual Machine Specification"/>
    <property name="user.dir" value="C:\nagaraj\workspace\java\DE_Automation"/>
    <property name="java.runtime.version" value="1.6.0_06-b02"/>
    <property name="java.awt.graphicsenv" value="sun.awt.Win32GraphicsEnvironment"/>
    <property name="basedir" value="C:\nagaraj\workspace\java\DE_Automation"/>
    <property name="java.endorsed.dirs" value="C:\Program Files (x86)\Java\jdk1.6.0_06\jre\lib\endorsed"/>
    <property name="os.arch" value="x86"/>
    <property name="surefire.real.class.path" value="C:\Users\sarodays\AppData\Local\Temp\surefirebooter11750.jar"/>
    <property name="java.io.tmpdir" value="C:\Users\sarodays\AppData\Local\Temp\"/>
    <property name="line.separator" value="
"/>
    <property name="java.vm.specification.vendor" value="Sun Microsystems Inc."/>
    <property name="user.variant" value=""/>
    <property name="os.name" value="Windows Vista"/>
    <property name="sun.jnu.encoding" value="Cp1252"/>
    <property name="java.library.path" value="C:\Program Files (x86)\Java\jdk1.6.0_06\jre\bin;.;C:\Windows\Sun\Java\bin;C:\Windows\system32;C:\Windows;C:\Program Files\RA2HP\;C:\Windows\system32;C:\Windows;C:\Windows\System32\Wbem;C:\Windows\System32\WindowsPowerShell\v1.0\;C:\Program Files\ActivIdentity\ActivClient\;C:\Program Files (x86)\ActivIdentity\ActivClient\;C:\Program Files (x86)\apache-maven-2.2.1\bin;C:\Program Files (x86)\Java\jdk1.6.0_06\bin;C:\Program Files\TortoiseSVN\bin"/>
    <property name="surefire.test.class.path" value="C:\nagaraj\workspace\java\DE_Automation\target\test-classes;C:\nagaraj\workspace\java\DE_Automation\target\classes;C:\m2repo\junit\junit\3.8.1\junit-3.8.1.jar;C:\m2repo\commons-httpclient\commons-httpclient\3.1\commons-httpclient-3.1.jar;C:\m2repo\commons-logging\commons-logging\1.1.1\commons-logging-1.1.1.jar;C:\m2repo\commons-codec\commons-codec\1.7\commons-codec-1.7.jar;C:\m2repo\org\apache\poi\poi-ooxml\3.7\poi-ooxml-3.7.jar;C:\m2repo\org\apache\poi\poi\3.7\poi-3.7.jar;C:\m2repo\org\apache\poi\poi-ooxml-schemas\3.7\poi-ooxml-schemas-3.7.jar;C:\m2repo\org\apache\xmlbeans\xmlbeans\2.3.0\xmlbeans-2.3.0.jar;C:\m2repo\stax\stax-api\1.0.1\stax-api-1.0.1.jar;C:\m2repo\org\apache\geronimo\specs\geronimo-stax-api_1.0_spec\1.0\geronimo-stax-api_1.0_spec-1.0.jar;C:\m2repo\dom4j\dom4j\1.6.1\dom4j-1.6.1.jar;C:\m2repo\xml-apis\xml-apis\1.0.b2\xml-apis-1.0.b2.jar;C:\m2repo\org\apache\servicemix\bundles\org.apache.servicemix.bundles.restlet\1.1.10_3\org.apache.servicemix.bundles.restlet-1.1.10_3.jar;C:\m2repo\org\codehaus\spring-security-oauth\spring-security-oauth\3.7\spring-security-oauth-3.7.jar;C:\m2repo\org\springframework\spring-beans\2.5.4\spring-beans-2.5.4.jar;C:\m2repo\org\springframework\spring-core\2.5.4\spring-core-2.5.4.jar;C:\m2repo\org\springframework\spring-context\2.5.4\spring-context-2.5.4.jar;C:\m2repo\aopalliance\aopalliance\1.0\aopalliance-1.0.jar;C:\m2repo\org\springframework\spring-aop\2.5.4\spring-aop-2.5.4.jar;C:\m2repo\org\springframework\security\spring-security-core-tiger\2.0.3\spring-security-core-tiger-2.0.3.jar;C:\m2repo\org\springframework\security\spring-security-core\2.0.3\spring-security-core-2.0.3.jar;C:\m2repo\org\springframework\spring-support\2.0.8\spring-support-2.0.8.jar;C:\m2repo\commons-collections\commons-collections\3.2\commons-collections-3.2.jar;C:\m2repo\com\jcraft\jsch\0.1.49\jsch-0.1.49.jar;C:\m2repo\com\thoughtworks\xstream\xstream\1.4.3\xstream-1.4.3.jar;C:\m2repo\xmlpull\xmlpull\1.1.3.1\xmlpull-1.1.3.1.jar;C:\m2repo\xpp3\xpp3_min\1.1.4c\xpp3_min-1.1.4c.jar;C:\m2repo\net\sf\opencsv\opencsv\2.3\opencsv-2.3.jar;C:\m2repo\org\jdom\jdom\1.1\jdom-1.1.jar;C:\m2repo\com\sun\mail\javax.mail\1.4.4\javax.mail-1.4.4.jar;C:\m2repo\javax\activation\activation\1.1\activation-1.1.jar;C:\m2repo\mysql\mysql-connector-java\5.1.24\mysql-connector-java-5.1.24.jar;C:\m2repo\commons-io\commons-io\1.3.2\commons-io-1.3.2.jar;C:\m2repo\org\apache\directory\studio\org.apache.commons.io\2.4\org.apache.commons.io-2.4.jar;C:\m2repo\commons-dbutils\commons-dbutils\1.5\commons-dbutils-1.5.jar;C:\m2repo\org\testng\testng\6.3.1\testng-6.3.1.jar;C:\m2repo\org\beanshell\bsh\2.0b4\bsh-2.0b4.jar;C:\m2repo\com\beust\jcommander\1.12\jcommander-1.12.jar;C:\m2repo\org\yaml\snakeyaml\1.6\snakeyaml-1.6.jar;C:\m2repo\com\itextpdf\itextpdf\5.4.4\itextpdf-5.4.4.jar;"/>
    <property name="java.specification.name" value="Java Platform API Specification"/>
    <property name="java.class.version" value="50.0"/>
    <property name="sun.management.compiler" value="HotSpot Client Compiler"/>
    <property name="os.version" value="6.1"/>
    <property name="user.home" value="C:\Users\sarodays"/>
    <property name="user.timezone" value="Asia/Calcutta"/>
    <property name="java.awt.printerjob" value="sun.awt.windows.WPrinterJob"/>
    <property name="java.specification.version" value="1.6"/>
    <property name="file.encoding" value="Cp1252"/>
    <property name="user.name" value="sarodays"/>
    <property name="java.class.path" value="C:\nagaraj\workspace\java\DE_Automation\target\test-classes;C:\nagaraj\workspace\java\DE_Automation\target\classes;C:\m2repo\junit\junit\3.8.1\junit-3.8.1.jar;C:\m2repo\commons-httpclient\commons-httpclient\3.1\commons-httpclient-3.1.jar;C:\m2repo\commons-logging\commons-logging\1.1.1\commons-logging-1.1.1.jar;C:\m2repo\commons-codec\commons-codec\1.7\commons-codec-1.7.jar;C:\m2repo\org\apache\poi\poi-ooxml\3.7\poi-ooxml-3.7.jar;C:\m2repo\org\apache\poi\poi\3.7\poi-3.7.jar;C:\m2repo\org\apache\poi\poi-ooxml-schemas\3.7\poi-ooxml-schemas-3.7.jar;C:\m2repo\org\apache\xmlbeans\xmlbeans\2.3.0\xmlbeans-2.3.0.jar;C:\m2repo\stax\stax-api\1.0.1\stax-api-1.0.1.jar;C:\m2repo\org\apache\geronimo\specs\geronimo-stax-api_1.0_spec\1.0\geronimo-stax-api_1.0_spec-1.0.jar;C:\m2repo\dom4j\dom4j\1.6.1\dom4j-1.6.1.jar;C:\m2repo\xml-apis\xml-apis\1.0.b2\xml-apis-1.0.b2.jar;C:\m2repo\org\apache\servicemix\bundles\org.apache.servicemix.bundles.restlet\1.1.10_3\org.apache.servicemix.bundles.restlet-1.1.10_3.jar;C:\m2repo\org\codehaus\spring-security-oauth\spring-security-oauth\3.7\spring-security-oauth-3.7.jar;C:\m2repo\org\springframework\spring-beans\2.5.4\spring-beans-2.5.4.jar;C:\m2repo\org\springframework\spring-core\2.5.4\spring-core-2.5.4.jar;C:\m2repo\org\springframework\spring-context\2.5.4\spring-context-2.5.4.jar;C:\m2repo\aopalliance\aopalliance\1.0\aopalliance-1.0.jar;C:\m2repo\org\springframework\spring-aop\2.5.4\spring-aop-2.5.4.jar;C:\m2repo\org\springframework\security\spring-security-core-tiger\2.0.3\spring-security-core-tiger-2.0.3.jar;C:\m2repo\org\springframework\security\spring-security-core\2.0.3\spring-security-core-2.0.3.jar;C:\m2repo\org\springframework\spring-support\2.0.8\spring-support-2.0.8.jar;C:\m2repo\commons-collections\commons-collections\3.2\commons-collections-3.2.jar;C:\m2repo\com\jcraft\jsch\0.1.49\jsch-0.1.49.jar;C:\m2repo\com\thoughtworks\xstream\xstream\1.4.3\xstream-1.4.3.jar;C:\m2repo\xmlpull\xmlpull\1.1.3.1\xmlpull-1.1.3.1.jar;C:\m2repo\xpp3\xpp3_min\1.1.4c\xpp3_min-1.1.4c.jar;C:\m2repo\net\sf\opencsv\opencsv\2.3\opencsv-2.3.jar;C:\m2repo\org\jdom\jdom\1.1\jdom-1.1.jar;C:\m2repo\com\sun\mail\javax.mail\1.4.4\javax.mail-1.4.4.jar;C:\m2repo\javax\activation\activation\1.1\activation-1.1.jar;C:\m2repo\mysql\mysql-connector-java\5.1.24\mysql-connector-java-5.1.24.jar;C:\m2repo\commons-io\commons-io\1.3.2\commons-io-1.3.2.jar;C:\m2repo\org\apache\directory\studio\org.apache.commons.io\2.4\org.apache.commons.io-2.4.jar;C:\m2repo\commons-dbutils\commons-dbutils\1.5\commons-dbutils-1.5.jar;C:\m2repo\org\testng\testng\6.3.1\testng-6.3.1.jar;C:\m2repo\org\beanshell\bsh\2.0b4\bsh-2.0b4.jar;C:\m2repo\com\beust\jcommander\1.12\jcommander-1.12.jar;C:\m2repo\org\yaml\snakeyaml\1.6\snakeyaml-1.6.jar;C:\m2repo\com\itextpdf\itextpdf\5.4.4\itextpdf-5.4.4.jar;"/>
    <property name="java.vm.specification.version" value="1.0"/>
    <property name="sun.arch.data.model" value="32"/>
    <property name="java.home" value="C:\Program Files (x86)\Java\jdk1.6.0_06\jre"/>
    <property name="java.specification.vendor" value="Sun Microsystems Inc."/>
    <property name="user.language" value="en"/>
    <property name="awt.toolkit" value="sun.awt.windows.WToolkit"/>
    <property name="java.vm.info" value="mixed mode, sharing"/>
    <property name="java.version" value="1.6.0_06"/>
    <property name="java.ext.dirs" value="C:\Program Files (x86)\Java\jdk1.6.0_06\jre\lib\ext;C:\Windows\Sun\Java\lib\ext"/>
    <property name="sun.boot.class.path" value="C:\Program Files (x86)\Java\jdk1.6.0_06\jre\lib\resources.jar;C:\Program Files (x86)\Java\jdk1.6.0_06\jre\lib\rt.jar;C:\Program Files (x86)\Java\jdk1.6.0_06\jre\lib\sunrsasign.jar;C:\Program Files (x86)\Java\jdk1.6.0_06\jre\lib\jsse.jar;C:\Program Files (x86)\Java\jdk1.6.0_06\jre\lib\jce.jar;C:\Program Files (x86)\Java\jdk1.6.0_06\jre\lib\charsets.jar;C:\Program Files (x86)\Java\jdk1.6.0_06\jre\classes"/>
    <property name="java.vendor" value="Sun Microsystems Inc."/>
    <property name="localRepository" value="C:\m2repo"/>
    <property name="file.separator" value="\"/>
    <property name="java.vendor.url.bug" value="http://java.sun.com/cgi-bin/bugreport.cgi"/>
    <property name="sun.cpu.endian" value="little"/>
    <property name="sun.io.unicode.encoding" value="UnicodeLittle"/>
    <property name="sun.desktop" value="windows"/>
    <property name="sun.cpu.isalist" value="pentium_pro+mmx pentium_pro pentium+mmx pentium i486 i386 i86"/>
  </properties>
  <testcase time="0" classname="foo.AppTest" name="testApp on instance testApp"/>
</testsuite>